<?xml version="1.0" encoding="UTF-8"?>
<testng-results ignored="0" total="1" passed="0" failed="1" skipped="0">
  <reporter-output>
  </reporter-output>
  <suite started-at="2018-04-19T06:27:30Z" name="Default suite" finished-at="2018-04-19T06:28:14Z" duration-ms="43850">
    <groups>
    </groups>
    <test started-at="2018-04-19T06:27:30Z" name="Default test" finished-at="2018-04-19T06:28:14Z" duration-ms="43850">
      <class name="HomePage">
        <test-method signature="selectProductandCheckout()[pri:0, instance:HomePage@58d75e99]" started-at="2018-04-19T06:27:30Z" name="selectProductandCheckout" finished-at="2018-04-19T06:28:14Z" duration-ms="43784" status="FAIL">
          <exception class="org.openqa.selenium.WebDriverException">
            <message>
              <![CDATA[unknown error: Element <iframe scrolling="no" frameborder="0" allow="camera; microphone; geolocation; vr" allowtransparency="true" allowfullscreen="" name="TPAMultiSection_j4ci4xqb" title="Product Page" aria-label="Product Page" id="TPAMultiSection_j4ci4xqbiframe" class="style-j5ant54siframe" style="display: block; width: 100%; height: 100%; overflow: hidden; position: absolute;" src="https://ecom.wix.com/storefront/product/i-m-a-product-1?cacheKiller=1524119256063&amp;compId=TPAMultiSection_j4ci4xqb&amp;deviceType=desktop&amp;height=1025&amp;instance=7l-mFnYL8k-Vrew9OS17Q67EoeUlLwoVQGI-p1Kxx3Y.eyJpbnN0YW5jZUlkIjoiMzkxNGY4NmUtYmQ0YS00OGRkLTliZWUtYzFjNTZlNWJhYTk2IiwiYXBwRGVmSWQiOiIxMzgwYjcwMy1jZTgxLWZmMDUtZjExNS0zOTU3MWQ5NGRmY2QiLCJzaWduRGF0ZSI6IjIwMTgtMDQtMTlUMDY6Mjc6MzQuMjQ4WiIsInVpZCI6bnVsbCwiaXBBbmRQb3J0IjoiNzUuMTU3LjIzMC42NS81NjQ2MyIsInZlbmRvclByb2R1Y3RJZCI6bnVsbCwiZGVtb01vZGUiOmZhbHNlLCJvcmlnaW5JbnN0YW5jZUlkIjoiMmYyN2ExNTMtN2MyOS00MTZkLWJiOWYtNjI0OGE5MjJlODlmIiwiYWlkIjoiM2QwODJkYWUtN2RjZi00NWQwLWE3NzYtMWYzYTc1YzNlMjA4IiwiYmlUb2tlbiI6IjI1MjZmMTU3LTllYWItMDA1Mi0yNDY3LWU0NGM2NTE5YWY2OCIsInNpdGVPd25lcklkIjoiYzNlY2UyZTAtMTE5NS00MmRiLWJmMmMtZGY4YzM1OWY1ZjlmIn0&amp;locale=en&amp;pageId=is6ln&amp;section-url=https%3A%2F%2Farielkiell.wixsite.com%2Finterview%2Fproduct-page%2F&amp;target=_top&amp;viewMode=site&amp;vsi=dcae7692-cb13-4ac3-9362-f09098b966ca&amp;width=980" cd_frame_id_="09171446b1fbf8f7811315359427260a"></iframe> is not clickable at point (803, 21). Other element would receive the click: <span class="text">...</span>
  (Session info: chrome=65.0.3325.181)
  (Driver info: chromedriver=2.37.544337 (8c0344a12e552148c185f7d5117db1f28d6c9e85),platform=Mac OS X 10.13.4 x86_64) (WARNING: The server did not provide any stacktrace information)
Command duration or timeout: 0 milliseconds
Build info: version: '3.10.0', revision: '176b4a9', time: '2018-03-02T19:10:56.039Z'
System info: host: 'ApoorvaSharmas-MacBook-Pro.local', ip: '192.168.1.68', os.name: 'Mac OS X', os.arch: 'x86_64', os.version: '10.13.4', java.version: '9.0.4'
Driver info: org.openqa.selenium.chrome.ChromeDriver
Capabilities {acceptInsecureCerts: false, acceptSslCerts: false, applicationCacheEnabled: false, browserConnectionEnabled: false, browserName: chrome, chrome: {chromedriverVersion: 2.37.544337 (8c0344a12e5521..., userDataDir: /var/folders/n5/0nl53y7956s...}, cssSelectorsEnabled: true, databaseEnabled: false, handlesAlerts: true, hasTouchScreen: false, javascriptEnabled: true, locationContextEnabled: true, mobileEmulationEnabled: false, nativeEvents: true, networkConnectionEnabled: false, pageLoadStrategy: normal, platform: MAC, platformName: MAC, rotatable: false, setWindowRect: true, takesHeapSnapshot: true, takesScreenshot: true, unexpectedAlertBehaviour: , unhandledPromptBehavior: , version: 65.0.3325.181, webStorageEnabled: true}
Session ID: d599f375f6715d49cc6dbf776919c4f9]]>
            </message>
            <full-stacktrace>
              <![CDATA[org.openqa.selenium.WebDriverException: unknown error: Element <iframe scrolling="no" frameborder="0" allow="camera; microphone; geolocation; vr" allowtransparency="true" allowfullscreen="" name="TPAMultiSection_j4ci4xqb" title="Product Page" aria-label="Product Page" id="TPAMultiSection_j4ci4xqbiframe" class="style-j5ant54siframe" style="display: block; width: 100%; height: 100%; overflow: hidden; position: absolute;" src="https://ecom.wix.com/storefront/product/i-m-a-product-1?cacheKiller=1524119256063&amp;compId=TPAMultiSection_j4ci4xqb&amp;deviceType=desktop&amp;height=1025&amp;instance=7l-mFnYL8k-Vrew9OS17Q67EoeUlLwoVQGI-p1Kxx3Y.eyJpbnN0YW5jZUlkIjoiMzkxNGY4NmUtYmQ0YS00OGRkLTliZWUtYzFjNTZlNWJhYTk2IiwiYXBwRGVmSWQiOiIxMzgwYjcwMy1jZTgxLWZmMDUtZjExNS0zOTU3MWQ5NGRmY2QiLCJzaWduRGF0ZSI6IjIwMTgtMDQtMTlUMDY6Mjc6MzQuMjQ4WiIsInVpZCI6bnVsbCwiaXBBbmRQb3J0IjoiNzUuMTU3LjIzMC42NS81NjQ2MyIsInZlbmRvclByb2R1Y3RJZCI6bnVsbCwiZGVtb01vZGUiOmZhbHNlLCJvcmlnaW5JbnN0YW5jZUlkIjoiMmYyN2ExNTMtN2MyOS00MTZkLWJiOWYtNjI0OGE5MjJlODlmIiwiYWlkIjoiM2QwODJkYWUtN2RjZi00NWQwLWE3NzYtMWYzYTc1YzNlMjA4IiwiYmlUb2tlbiI6IjI1MjZmMTU3LTllYWItMDA1Mi0yNDY3LWU0NGM2NTE5YWY2OCIsInNpdGVPd25lcklkIjoiYzNlY2UyZTAtMTE5NS00MmRiLWJmMmMtZGY4YzM1OWY1ZjlmIn0&amp;locale=en&amp;pageId=is6ln&amp;section-url=https%3A%2F%2Farielkiell.wixsite.com%2Finterview%2Fproduct-page%2F&amp;target=_top&amp;viewMode=site&amp;vsi=dcae7692-cb13-4ac3-9362-f09098b966ca&amp;width=980" cd_frame_id_="09171446b1fbf8f7811315359427260a"></iframe> is not clickable at point (803, 21). Other element would receive the click: <span class="text">...</span>
  (Session info: chrome=65.0.3325.181)
  (Driver info: chromedriver=2.37.544337 (8c0344a12e552148c185f7d5117db1f28d6c9e85),platform=Mac OS X 10.13.4 x86_64) (WARNING: The server did not provide any stacktrace information)
Command duration or timeout: 0 milliseconds
Build info: version: '3.10.0', revision: '176b4a9', time: '2018-03-02T19:10:56.039Z'
System info: host: 'ApoorvaSharmas-MacBook-Pro.local', ip: '192.168.1.68', os.name: 'Mac OS X', os.arch: 'x86_64', os.version: '10.13.4', java.version: '9.0.4'
Driver info: org.openqa.selenium.chrome.ChromeDriver
Capabilities {acceptInsecureCerts: false, acceptSslCerts: false, applicationCacheEnabled: false, browserConnectionEnabled: false, browserName: chrome, chrome: {chromedriverVersion: 2.37.544337 (8c0344a12e5521..., userDataDir: /var/folders/n5/0nl53y7956s...}, cssSelectorsEnabled: true, databaseEnabled: false, handlesAlerts: true, hasTouchScreen: false, javascriptEnabled: true, locationContextEnabled: true, mobileEmulationEnabled: false, nativeEvents: true, networkConnectionEnabled: false, pageLoadStrategy: normal, platform: MAC, platformName: MAC, rotatable: false, setWindowRect: true, takesHeapSnapshot: true, takesScreenshot: true, unexpectedAlertBehaviour: , unhandledPromptBehavior: , version: 65.0.3325.181, webStorageEnabled: true}
Session ID: d599f375f6715d49cc6dbf776919c4f9
at java.base/jdk.internal.reflect.NativeConstructorAccessorImpl.newInstance0(Native Method)
at java.base/jdk.internal.reflect.NativeConstructorAccessorImpl.newInstance(NativeConstructorAccessorImpl.java:62)
at java.base/jdk.internal.reflect.DelegatingConstructorAccessorImpl.newInstance(DelegatingConstructorAccessorImpl.java:45)
at java.base/java.lang.reflect.Constructor.newInstance(Constructor.java:488)
at org.openqa.selenium.remote.ErrorHandler.createThrowable(ErrorHandler.java:214)
at org.openqa.selenium.remote.ErrorHandler.throwIfResponseFailed(ErrorHandler.java:166)
at org.openqa.selenium.remote.http.JsonHttpResponseCodec.reconstructValue(JsonHttpResponseCodec.java:40)
at org.openqa.selenium.remote.http.AbstractHttpResponseCodec.decode(AbstractHttpResponseCodec.java:80)
at org.openqa.selenium.remote.http.AbstractHttpResponseCodec.decode(AbstractHttpResponseCodec.java:44)
at org.openqa.selenium.remote.HttpCommandExecutor.execute(HttpCommandExecutor.java:160)
at org.openqa.selenium.remote.service.DriverCommandExecutor.execute(DriverCommandExecutor.java:83)
at org.openqa.selenium.remote.RemoteWebDriver.execute(RemoteWebDriver.java:601)
at org.openqa.selenium.remote.RemoteExecuteMethod.execute(RemoteExecuteMethod.java:35)
at org.openqa.selenium.remote.RemoteMouse.mouseMove(RemoteMouse.java:89)
at org.openqa.selenium.interactions.MoveMouseAction.perform(MoveMouseAction.java:43)
at org.openqa.selenium.interactions.CompositeAction.perform(CompositeAction.java:36)
at org.openqa.selenium.interactions.Actions$BuiltAction.perform(Actions.java:641)
at FirstProduct.firstProductSelection(FirstProduct.java:56)
at HomePage.selectProductandCheckout(HomePage.java:24)
at java.base/jdk.internal.reflect.NativeMethodAccessorImpl.invoke0(Native Method)
at java.base/jdk.internal.reflect.NativeMethodAccessorImpl.invoke(NativeMethodAccessorImpl.java:62)
at java.base/jdk.internal.reflect.DelegatingMethodAccessorImpl.invoke(DelegatingMethodAccessorImpl.java:43)
at java.base/java.lang.reflect.Method.invoke(Method.java:564)
at org.testng.internal.MethodInvocationHelper.invokeMethod(MethodInvocationHelper.java:124)
at org.testng.internal.Invoker.invokeMethod(Invoker.java:580)
at org.testng.internal.Invoker.invokeTestMethod(Invoker.java:716)
at org.testng.internal.Invoker.invokeTestMethods(Invoker.java:988)
at org.testng.internal.TestMethodWorker.invokeTestMethods(TestMethodWorker.java:125)
at org.testng.internal.TestMethodWorker.run(TestMethodWorker.java:109)
at org.testng.TestRunner.privateRun(TestRunner.java:648)
at org.testng.TestRunner.run(TestRunner.java:505)
at org.testng.SuiteRunner.runTest(SuiteRunner.java:455)
at org.testng.SuiteRunner.runSequentially(SuiteRunner.java:450)
at org.testng.SuiteRunner.privateRun(SuiteRunner.java:415)
at org.testng.SuiteRunner.run(SuiteRunner.java:364)
at org.testng.SuiteRunnerWorker.runSuite(SuiteRunnerWorker.java:52)
at org.testng.SuiteRunnerWorker.run(SuiteRunnerWorker.java:84)
at org.testng.TestNG.runSuitesSequentially(TestNG.java:1208)
at org.testng.TestNG.runSuitesLocally(TestNG.java:1137)
at org.testng.TestNG.runSuites(TestNG.java:1049)
at org.testng.TestNG.run(TestNG.java:1017)
at org.testng.remote.AbstractRemoteTestNG.run(AbstractRemoteTestNG.java:114)
at org.testng.remote.RemoteTestNG.initAndRun(RemoteTestNG.java:251)
at org.testng.remote.RemoteTestNG.main(RemoteTestNG.java:77)
]]>
            </full-stacktrace>
          </exception> <!-- org.openqa.selenium.WebDriverException -->
          <reporter-output>
          </reporter-output>
        </test-method> <!-- selectProductandCheckout -->
      </class> <!-- HomePage -->
    </test> <!-- Default test -->
  </suite> <!-- Default suite -->
</testng-results>
